<?xml version="1.0" encoding="utf-8"?>
<CoverageSession xmlns:xsd="http://www.w3.org/2001/XMLSchema" xmlns:xsi="http://www.w3.org/2001/XMLSchema-instance" Version="0.0.0.0">
  <Summary numSequencePoints="108" visitedSequencePoints="99" numBranchPoints="0" visitedBranchPoints="0" sequenceCoverage="91.67" branchCoverage="0.0" maxCyclomaticComplexity="6" minCyclomaticComplexity="1" maxCrapScore="6" minCrapScore="1" visitedClasses="8" numClasses="8" visitedMethods="16" numMethods="16" />
  <Modules>
    <Module>
      <Summary numSequencePoints="62" visitedSequencePoints="53" numBranchPoints="0" visitedBranchPoints="0" sequenceCoverage="85.48" branchCoverage="0.0" maxCyclomaticComplexity="4" minCyclomaticComplexity="1" maxCrapScore="4.94" minCrapScore="1" visitedClasses="2" numClasses="2" visitedMethods="10" numMethods="10" />
      <ModuleTime>0001-01-01T00:00:00</ModuleTime>
      <ModuleName>Orgniani.Player.Runtime</ModuleName>
      <Files>
        <File uid="25" fullPath="D:/UnityProjects/FroggerGame/Assets/Scripts/Player/PlayerInputHandler.cs" />
        <File uid="26" fullPath="D:/UnityProjects/FroggerGame/Assets/Scripts/Player/PlayerModel.cs" />
        <File uid="27" fullPath="D:/UnityProjects/FroggerGame/Assets/Scripts/Player/PlayerPresenter.cs" />
        <File uid="28" fullPath="D:/UnityProjects/FroggerGame/Assets/Scripts/Player/PlayerView.cs" />
      </Files>
      <Classes>
        <Class>
          <Summary numSequencePoints="47" visitedSequencePoints="38" numBranchPoints="0" visitedBranchPoints="0" sequenceCoverage="80.85" branchCoverage="0.0" maxCyclomaticComplexity="3" minCyclomaticComplexity="1" maxCrapScore="4.94" minCrapScore="1" visitedClasses="1" numClasses="1" visitedMethods="9" numMethods="9" />
          <FullName>Player.PlayerView</FullName>
          <Methods>
            <Method visited="true" cyclomaticComplexity="1" nPathComplexity="0" sequenceCoverage="100.0" branchCoverage="0" crapScore="1" isConstructor="false" isStatic="false" isGetter="false" isSetter="false">
              <Summary numSequencePoints="3" visitedSequencePoints="3" numBranchPoints="0" visitedBranchPoints="0" sequenceCoverage="100.0" branchCoverage="0" maxCyclomaticComplexity="1" minCyclomaticComplexity="1" maxCrapScore="1" minCrapScore="1" visitedClasses="0" numClasses="0" visitedMethods="1" numMethods="1" />
              <MetadataToken>100663320</MetadataToken>
              <Name>System.Void Player.PlayerView::Awake()</Name>
              <FileRef uid="28" />
              <SequencePoints>
                <SequencePoint vc="4" uspid="1314" ordinal="0" offset="0" sl="31" sc="9" el="31" ec="9" bec="0" bev="0" fileid="28" />
                <SequencePoint vc="4" uspid="1315" ordinal="0" offset="1" sl="32" sc="13" el="32" ec="13" bec="0" bev="0" fileid="28" />
                <SequencePoint vc="4" uspid="1316" ordinal="0" offset="8" sl="33" sc="9" el="33" ec="9" bec="0" bev="0" fileid="28" />
              </SequencePoints>
              <BranchPoints />
            </Method>
            <Method visited="true" cyclomaticComplexity="1" nPathComplexity="0" sequenceCoverage="100.0" branchCoverage="0" crapScore="1" isConstructor="false" isStatic="false" isGetter="false" isSetter="false">
              <Summary numSequencePoints="3" visitedSequencePoints="3" numBranchPoints="0" visitedBranchPoints="0" sequenceCoverage="100.0" branchCoverage="0" maxCyclomaticComplexity="1" minCyclomaticComplexity="1" maxCrapScore="1" minCrapScore="1" visitedClasses="0" numClasses="0" visitedMethods="1" numMethods="1" />
              <MetadataToken>100663321</MetadataToken>
              <Name>System.Void Player.PlayerView::Start()</Name>
              <FileRef uid="28" />
              <SequencePoints>
                <SequencePoint vc="4" uspid="1317" ordinal="0" offset="0" sl="36" sc="9" el="36" ec="9" bec="0" bev="0" fileid="28" />
                <SequencePoint vc="4" uspid="1318" ordinal="0" offset="1" sl="37" sc="13" el="37" ec="13" bec="0" bev="0" fileid="28" />
                <SequencePoint vc="4" uspid="1319" ordinal="0" offset="23" sl="38" sc="9" el="38" ec="9" bec="0" bev="0" fileid="28" />
              </SequencePoints>
              <BranchPoints />
            </Method>
            <Method visited="true" cyclomaticComplexity="2" nPathComplexity="0" sequenceCoverage="83.33" branchCoverage="0" crapScore="2.02" isConstructor="false" isStatic="false" isGetter="false" isSetter="false">
              <Summary numSequencePoints="6" visitedSequencePoints="5" numBranchPoints="0" visitedBranchPoints="0" sequenceCoverage="83.33" branchCoverage="0" maxCyclomaticComplexity="2" minCyclomaticComplexity="2" maxCrapScore="2.02" minCrapScore="2.02" visitedClasses="0" numClasses="0" visitedMethods="1" numMethods="1" />
              <MetadataToken>100663322</MetadataToken>
              <Name>System.Void Player.PlayerView::UpdatePosition(System.Single, System.Single)</Name>
              <FileRef uid="28" />
              <SequencePoints>
                <SequencePoint vc="1" uspid="1320" ordinal="0" offset="0" sl="41" sc="9" el="41" ec="9" bec="0" bev="0" fileid="28" />
                <SequencePoint vc="1" uspid="1321" ordinal="0" offset="1" sl="42" sc="13" el="42" ec="13" bec="0" bev="0" fileid="28" />
                <SequencePoint vc="1" uspid="1322" ordinal="0" offset="19" sl="44" sc="13" el="44" ec="13" bec="0" bev="0" fileid="28" />
                <SequencePoint vc="0" uspid="1323" ordinal="0" offset="32" sl="45" sc="17" el="45" ec="17" bec="0" bev="0" fileid="28" />
                <SequencePoint vc="1" uspid="1324" ordinal="0" offset="45" sl="47" sc="13" el="47" ec="13" bec="0" bev="0" fileid="28" />
                <SequencePoint vc="1" uspid="1325" ordinal="0" offset="70" sl="48" sc="9" el="48" ec="9" bec="0" bev="0" fileid="28" />
              </SequencePoints>
              <BranchPoints />
            </Method>
            <Method visited="true" cyclomaticComplexity="1" nPathComplexity="0" sequenceCoverage="100.0" branchCoverage="0" crapScore="1" isConstructor="false" isStatic="false" isGetter="false" isSetter="false">
              <Summary numSequencePoints="6" visitedSequencePoints="6" numBranchPoints="0" visitedBranchPoints="0" sequenceCoverage="100.0" branchCoverage="0" maxCyclomaticComplexity="1" minCyclomaticComplexity="1" maxCrapScore="1" minCrapScore="1" visitedClasses="0" numClasses="0" visitedMethods="1" numMethods="1" />
              <MetadataToken>100663324</MetadataToken>
              <Name>System.Void Player.PlayerView::TeleportToPosition(System.Single, System.Single)</Name>
              <FileRef uid="28" />
              <SequencePoints>
                <SequencePoint vc="1" uspid="1326" ordinal="0" offset="0" sl="72" sc="9" el="72" ec="9" bec="0" bev="0" fileid="28" />
                <SequencePoint vc="1" uspid="1327" ordinal="0" offset="1" sl="73" sc="13" el="73" ec="13" bec="0" bev="0" fileid="28" />
                <SequencePoint vc="1" uspid="1328" ordinal="0" offset="13" sl="74" sc="13" el="74" ec="13" bec="0" bev="0" fileid="28" />
                <SequencePoint vc="1" uspid="1329" ordinal="0" offset="21" sl="75" sc="13" el="75" ec="13" bec="0" bev="0" fileid="28" />
                <SequencePoint vc="1" uspid="1330" ordinal="0" offset="29" sl="76" sc="13" el="76" ec="13" bec="0" bev="0" fileid="28" />
                <SequencePoint vc="1" uspid="1331" ordinal="0" offset="42" sl="77" sc="9" el="77" ec="9" bec="0" bev="0" fileid="28" />
              </SequencePoints>
              <BranchPoints />
            </Method>
            <Method visited="true" cyclomaticComplexity="2" nPathComplexity="0" sequenceCoverage="80.00" branchCoverage="0" crapScore="2.03" isConstructor="false" isStatic="false" isGetter="false" isSetter="false">
              <Summary numSequencePoints="5" visitedSequencePoints="4" numBranchPoints="0" visitedBranchPoints="0" sequenceCoverage="80.00" branchCoverage="0" maxCyclomaticComplexity="2" minCyclomaticComplexity="2" maxCrapScore="2.03" minCrapScore="2.03" visitedClasses="0" numClasses="0" visitedMethods="1" numMethods="1" />
              <MetadataToken>100663325</MetadataToken>
              <Name>System.Void Player.PlayerView::SetFacingDirection(System.Int32)</Name>
              <FileRef uid="28" />
              <SequencePoints>
                <SequencePoint vc="2" uspid="1332" ordinal="0" offset="0" sl="80" sc="9" el="80" ec="9" bec="0" bev="0" fileid="28" />
                <SequencePoint vc="2" uspid="1333" ordinal="0" offset="1" sl="81" sc="13" el="81" ec="13" bec="0" bev="0" fileid="28" />
                <SequencePoint vc="0" uspid="1334" ordinal="0" offset="9" sl="81" sc="28" el="81" ec="28" bec="0" bev="0" fileid="28" />
                <SequencePoint vc="2" uspid="1335" ordinal="0" offset="11" sl="82" sc="13" el="82" ec="13" bec="0" bev="0" fileid="28" />
                <SequencePoint vc="2" uspid="1336" ordinal="0" offset="27" sl="83" sc="9" el="83" ec="9" bec="0" bev="0" fileid="28" />
              </SequencePoints>
              <BranchPoints />
            </Method>
            <Method visited="true" cyclomaticComplexity="2" nPathComplexity="0" sequenceCoverage="83.33" branchCoverage="0" crapScore="2.02" isConstructor="false" isStatic="false" isGetter="false" isSetter="false">
              <Summary numSequencePoints="6" visitedSequencePoints="5" numBranchPoints="0" visitedBranchPoints="0" sequenceCoverage="83.33" branchCoverage="0" maxCyclomaticComplexity="2" minCyclomaticComplexity="2" maxCrapScore="2.02" minCrapScore="2.02" visitedClasses="0" numClasses="0" visitedMethods="1" numMethods="1" />
              <MetadataToken>100663326</MetadataToken>
              <Name>System.Void Player.PlayerView::ResetPosition()</Name>
              <FileRef uid="28" />
              <SequencePoints>
                <SequencePoint vc="1" uspid="1337" ordinal="0" offset="0" sl="86" sc="9" el="86" ec="9" bec="0" bev="0" fileid="28" />
                <SequencePoint vc="1" uspid="1338" ordinal="0" offset="1" sl="87" sc="13" el="87" ec="13" bec="0" bev="0" fileid="28" />
                <SequencePoint vc="0" uspid="1339" ordinal="0" offset="14" sl="88" sc="17" el="88" ec="17" bec="0" bev="0" fileid="28" />
                <SequencePoint vc="1" uspid="1340" ordinal="0" offset="27" sl="90" sc="13" el="90" ec="13" bec="0" bev="0" fileid="28" />
                <SequencePoint vc="1" uspid="1341" ordinal="0" offset="46" sl="91" sc="13" el="91" ec="13" bec="0" bev="0" fileid="28" />
                <SequencePoint vc="1" uspid="1342" ordinal="0" offset="64" sl="92" sc="9" el="92" ec="9" bec="0" bev="0" fileid="28" />
              </SequencePoints>
              <BranchPoints />
            </Method>
            <Method visited="true" cyclomaticComplexity="1" nPathComplexity="0" sequenceCoverage="100.0" branchCoverage="0" crapScore="1" isConstructor="false" isStatic="false" isGetter="false" isSetter="false">
              <Summary numSequencePoints="3" visitedSequencePoints="3" numBranchPoints="0" visitedBranchPoints="0" sequenceCoverage="100.0" branchCoverage="0" maxCyclomaticComplexity="1" minCyclomaticComplexity="1" maxCrapScore="1" minCrapScore="1" visitedClasses="0" numClasses="0" visitedMethods="1" numMethods="1" />
              <MetadataToken>100663329</MetadataToken>
              <Name>System.Void Player.PlayerView::PlayGameOverAnimation(System.Boolean)</Name>
              <FileRef uid="28" />
              <SequencePoints>
                <SequencePoint vc="2" uspid="1352" ordinal="0" offset="0" sl="108" sc="9" el="108" ec="9" bec="0" bev="0" fileid="28" />
                <SequencePoint vc="2" uspid="1353" ordinal="0" offset="1" sl="109" sc="13" el="109" ec="13" bec="0" bev="0" fileid="28" />
                <SequencePoint vc="2" uspid="1354" ordinal="0" offset="20" sl="110" sc="9" el="110" ec="9" bec="0" bev="0" fileid="28" />
              </SequencePoints>
              <BranchPoints />
            </Method>
            <Method visited="true" cyclomaticComplexity="3" nPathComplexity="0" sequenceCoverage="40.00" branchCoverage="0" crapScore="4.94" isConstructor="false" isStatic="false" isGetter="false" isSetter="false">
              <Summary numSequencePoints="10" visitedSequencePoints="4" numBranchPoints="0" visitedBranchPoints="0" sequenceCoverage="40.00" branchCoverage="0" maxCyclomaticComplexity="3" minCyclomaticComplexity="3" maxCrapScore="4.94" minCrapScore="4.94" visitedClasses="0" numClasses="0" visitedMethods="1" numMethods="1" />
              <MetadataToken>100663330</MetadataToken>
              <Name>System.Void Player.PlayerView::ValidateReferences()</Name>
              <FileRef uid="28" />
              <SequencePoints>
                <SequencePoint vc="4" uspid="1355" ordinal="0" offset="0" sl="113" sc="9" el="113" ec="9" bec="0" bev="0" fileid="28" />
                <SequencePoint vc="4" uspid="1356" ordinal="0" offset="1" sl="115" sc="13" el="115" ec="13" bec="0" bev="0" fileid="28" />
                <SequencePoint vc="4" uspid="1357" ordinal="0" offset="10" sl="116" sc="17" el="116" ec="17" bec="0" bev="0" fileid="28" />
                <SequencePoint vc="0" uspid="1358" ordinal="0" offset="12" sl="120" sc="13" el="120" ec="13" bec="0" bev="0" fileid="28" />
                <SequencePoint vc="0" uspid="1359" ordinal="0" offset="30" sl="121" sc="13" el="121" ec="13" bec="0" bev="0" fileid="28" />
                <SequencePoint vc="0" uspid="1360" ordinal="0" offset="48" sl="123" sc="13" el="123" ec="13" bec="0" bev="0" fileid="28" />
                <SequencePoint vc="0" uspid="1361" ordinal="0" offset="66" sl="124" sc="13" el="124" ec="13" bec="0" bev="0" fileid="28" />
                <SequencePoint vc="0" uspid="1362" ordinal="0" offset="67" sl="125" sc="17" el="125" ec="17" bec="0" bev="0" fileid="28" />
                <SequencePoint vc="0" uspid="1363" ordinal="0" offset="79" sl="126" sc="13" el="126" ec="13" bec="0" bev="0" fileid="28" />
                <SequencePoint vc="4" uspid="1364" ordinal="0" offset="80" sl="127" sc="9" el="127" ec="9" bec="0" bev="0" fileid="28" />
              </SequencePoints>
              <BranchPoints />
            </Method>
            <Method visited="true" cyclomaticComplexity="1" nPathComplexity="0" sequenceCoverage="100.0" branchCoverage="0" crapScore="1" isConstructor="true" isStatic="false" isGetter="false" isSetter="false">
              <Summary numSequencePoints="5" visitedSequencePoints="5" numBranchPoints="0" visitedBranchPoints="0" sequenceCoverage="100.0" branchCoverage="0" maxCyclomaticComplexity="1" minCyclomaticComplexity="1" maxCrapScore="1" minCrapScore="1" visitedClasses="0" numClasses="0" visitedMethods="1" numMethods="1" />
              <MetadataToken>100663331</MetadataToken>
              <Name>Player.PlayerView::PlayerView()</Name>
              <FileRef uid="28" />
              <SequencePoints>
                <SequencePoint vc="4" uspid="1365" ordinal="0" offset="0" sl="17" sc="26" el="17" ec="26" bec="0" bev="0" fileid="28" />
                <SequencePoint vc="4" uspid="1366" ordinal="0" offset="11" sl="18" sc="26" el="18" ec="26" bec="0" bev="0" fileid="28" />
                <SequencePoint vc="4" uspid="1367" ordinal="0" offset="22" sl="21" sc="26" el="21" ec="26" bec="0" bev="0" fileid="28" />
                <SequencePoint vc="4" uspid="1368" ordinal="0" offset="33" sl="24" sc="9" el="24" ec="9" bec="0" bev="0" fileid="28" />
                <SequencePoint vc="4" uspid="1369" ordinal="0" offset="44" sl="25" sc="52" el="25" ec="52" bec="0" bev="0" fileid="28" />
              </SequencePoints>
              <BranchPoints />
            </Method>
          </Methods>
        </Class>
        <Class>
          <Summary numSequencePoints="15" visitedSequencePoints="15" numBranchPoints="0" visitedBranchPoints="0" sequenceCoverage="100.0" branchCoverage="0.0" maxCyclomaticComplexity="4" minCyclomaticComplexity="4" maxCrapScore="4" minCrapScore="4" visitedClasses="1" numClasses="1" visitedMethods="1" numMethods="1" />
          <FullName>Player.PlayerView/&lt;MoveSmoothly&gt;d__16</FullName>
          <Methods>
            <Method visited="true" cyclomaticComplexity="4" nPathComplexity="0" sequenceCoverage="100.0" branchCoverage="0" crapScore="4" isConstructor="false" isStatic="false" isGetter="false" isSetter="false">
              <Summary numSequencePoints="15" visitedSequencePoints="15" numBranchPoints="0" visitedBranchPoints="0" sequenceCoverage="100.0" branchCoverage="0" maxCyclomaticComplexity="4" minCyclomaticComplexity="4" maxCrapScore="4" minCrapScore="4" visitedClasses="0" numClasses="0" visitedMethods="1" numMethods="1" />
              <MetadataToken>100663334</MetadataToken>
              <Name>System.Boolean Player.PlayerView/&lt;MoveSmoothly&gt;d__16::MoveNext()</Name>
              <FileRef uid="28" />
              <SequencePoints>
                <SequencePoint vc="1" uspid="1370" ordinal="0" offset="34" sl="51" sc="9" el="51" ec="9" bec="0" bev="0" fileid="28" />
                <SequencePoint vc="1" uspid="1371" ordinal="0" offset="35" sl="52" sc="13" el="52" ec="13" bec="0" bev="0" fileid="28" />
                <SequencePoint vc="1" uspid="1372" ordinal="0" offset="62" sl="53" sc="13" el="53" ec="13" bec="0" bev="0" fileid="28" />
                <SequencePoint vc="20" uspid="1373" ordinal="0" offset="78" sl="56" sc="13" el="56" ec="13" bec="0" bev="0" fileid="28" />
                <SequencePoint vc="20" uspid="1374" ordinal="0" offset="79" sl="57" sc="17" el="57" ec="17" bec="0" bev="0" fileid="28" />
                <SequencePoint vc="20" uspid="1375" ordinal="0" offset="103" sl="58" sc="17" el="58" ec="17" bec="0" bev="0" fileid="28" />
                <SequencePoint vc="20" uspid="1376" ordinal="0" offset="131" sl="59" sc="17" el="59" ec="17" bec="0" bev="0" fileid="28" />
                <SequencePoint vc="20" uspid="1377" ordinal="0" offset="160" sl="61" sc="17" el="61" ec="17" bec="0" bev="0" fileid="28" />
                <SequencePoint vc="20" uspid="1378" ordinal="0" offset="225" sl="63" sc="17" el="63" ec="17" bec="0" bev="0" fileid="28" />
                <SequencePoint vc="20" uspid="1379" ordinal="0" offset="243" sl="64" sc="17" el="64" ec="17" bec="0" bev="0" fileid="28" />
                <SequencePoint vc="20" uspid="1380" ordinal="0" offset="266" sl="65" sc="13" el="65" ec="13" bec="0" bev="0" fileid="28" />
                <SequencePoint vc="21" uspid="1381" ordinal="0" offset="279" sl="55" sc="13" el="55" ec="13" bec="0" bev="0" fileid="28" />
                <SequencePoint vc="1" uspid="1382" ordinal="0" offset="305" sl="67" sc="13" el="67" ec="13" bec="0" bev="0" fileid="28" />
                <SequencePoint vc="1" uspid="1383" ordinal="0" offset="370" sl="68" sc="13" el="68" ec="13" bec="0" bev="0" fileid="28" />
                <SequencePoint vc="1" uspid="1384" ordinal="0" offset="382" sl="69" sc="9" el="69" ec="9" bec="0" bev="0" fileid="28" />
              </SequencePoints>
              <BranchPoints />
            </Method>
          </Methods>
        </Class>
      </Classes>
    </Module>
    <Module>
      <Summary numSequencePoints="46" visitedSequencePoints="46" numBranchPoints="0" visitedBranchPoints="0" sequenceCoverage="100.0" branchCoverage="0.0" maxCyclomaticComplexity="6" minCyclomaticComplexity="3" maxCrapScore="6" minCrapScore="3" visitedClasses="6" numClasses="6" visitedMethods="6" numMethods="6" />
      <ModuleTime>0001-01-01T00:00:00</ModuleTime>
      <ModuleName>PlayMode</ModuleName>
      <Files>
        <File uid="29" fullPath="D:/UnityProjects/FroggerGame/Assets/Tests/PlayMode/PlayerViewTests.cs" />
      </Files>
      <Classes>
        <Class>
          <Summary numSequencePoints="8" visitedSequencePoints="8" numBranchPoints="0" visitedBranchPoints="0" sequenceCoverage="100.0" branchCoverage="0.0" maxCyclomaticComplexity="5" minCyclomaticComplexity="5" maxCrapScore="5" minCrapScore="5" visitedClasses="1" numClasses="1" visitedMethods="1" numMethods="1" />
          <FullName>PlayerViewTests/&lt;PlayGameOverAnimation_SetsDeadBool&gt;d__8</FullName>
          <Methods>
            <Method visited="true" cyclomaticComplexity="5" nPathComplexity="0" sequenceCoverage="100.0" branchCoverage="0" crapScore="5" isConstructor="false" isStatic="false" isGetter="false" isSetter="false">
              <Summary numSequencePoints="8" visitedSequencePoints="8" numBranchPoints="0" visitedBranchPoints="0" sequenceCoverage="100.0" branchCoverage="0" maxCyclomaticComplexity="5" minCyclomaticComplexity="5" maxCrapScore="5" minCrapScore="5" visitedClasses="0" numClasses="0" visitedMethods="1" numMethods="1" />
              <MetadataToken>100663308</MetadataToken>
              <Name>System.Boolean PlayerViewTests/&lt;PlayGameOverAnimation_SetsDeadBool&gt;d__8::MoveNext()</Name>
              <FileRef uid="29" />
              <SequencePoints>
                <SequencePoint vc="1" uspid="1385" ordinal="0" offset="42" sl="73" sc="5" el="73" ec="5" bec="0" bev="0" fileid="29" />
                <SequencePoint vc="1" uspid="1386" ordinal="0" offset="43" sl="74" sc="9" el="74" ec="9" bec="0" bev="0" fileid="29" />
                <SequencePoint vc="1" uspid="1387" ordinal="0" offset="61" sl="75" sc="9" el="75" ec="9" bec="0" bev="0" fileid="29" />
                <SequencePoint vc="1" uspid="1388" ordinal="0" offset="84" sl="77" sc="9" el="77" ec="9" bec="0" bev="0" fileid="29" />
                <SequencePoint vc="1" uspid="1389" ordinal="0" offset="111" sl="79" sc="9" el="79" ec="9" bec="0" bev="0" fileid="29" />
                <SequencePoint vc="1" uspid="1390" ordinal="0" offset="129" sl="80" sc="9" el="80" ec="9" bec="0" bev="0" fileid="29" />
                <SequencePoint vc="1" uspid="1391" ordinal="0" offset="152" sl="82" sc="9" el="82" ec="9" bec="0" bev="0" fileid="29" />
                <SequencePoint vc="1" uspid="1392" ordinal="0" offset="179" sl="83" sc="5" el="83" ec="5" bec="0" bev="0" fileid="29" />
              </SequencePoints>
              <BranchPoints />
            </Method>
          </Methods>
        </Class>
        <Class>
          <Summary numSequencePoints="8" visitedSequencePoints="8" numBranchPoints="0" visitedBranchPoints="0" sequenceCoverage="100.0" branchCoverage="0.0" maxCyclomaticComplexity="4" minCyclomaticComplexity="4" maxCrapScore="4" minCrapScore="4" visitedClasses="1" numClasses="1" visitedMethods="1" numMethods="1" />
          <FullName>PlayerViewTests/&lt;ResetPosition_SetsInitialY&gt;d__7</FullName>
          <Methods>
            <Method visited="true" cyclomaticComplexity="4" nPathComplexity="0" sequenceCoverage="100.0" branchCoverage="0" crapScore="4" isConstructor="false" isStatic="false" isGetter="false" isSetter="false">
              <Summary numSequencePoints="8" visitedSequencePoints="8" numBranchPoints="0" visitedBranchPoints="0" sequenceCoverage="100.0" branchCoverage="0" maxCyclomaticComplexity="4" minCyclomaticComplexity="4" maxCrapScore="4" minCrapScore="4" visitedClasses="0" numClasses="0" visitedMethods="1" numMethods="1" />
              <MetadataToken>100663314</MetadataToken>
              <Name>System.Boolean PlayerViewTests/&lt;ResetPosition_SetsInitialY&gt;d__7::MoveNext()</Name>
              <FileRef uid="29" />
              <SequencePoints>
                <SequencePoint vc="1" uspid="1393" ordinal="0" offset="34" sl="59" sc="5" el="59" ec="5" bec="0" bev="0" fileid="29" />
                <SequencePoint vc="1" uspid="1394" ordinal="0" offset="35" sl="60" sc="9" el="60" ec="9" bec="0" bev="0" fileid="29" />
                <SequencePoint vc="1" uspid="1395" ordinal="0" offset="77" sl="62" sc="9" el="62" ec="9" bec="0" bev="0" fileid="29" />
                <SequencePoint vc="1" uspid="1396" ordinal="0" offset="132" sl="64" sc="9" el="64" ec="9" bec="0" bev="0" fileid="29" />
                <SequencePoint vc="1" uspid="1397" ordinal="0" offset="149" sl="65" sc="9" el="65" ec="9" bec="0" bev="0" fileid="29" />
                <SequencePoint vc="1" uspid="1398" ordinal="0" offset="172" sl="67" sc="9" el="67" ec="9" bec="0" bev="0" fileid="29" />
                <SequencePoint vc="1" uspid="1399" ordinal="0" offset="219" sl="68" sc="9" el="68" ec="9" bec="0" bev="0" fileid="29" />
                <SequencePoint vc="1" uspid="1400" ordinal="0" offset="266" sl="69" sc="5" el="69" ec="5" bec="0" bev="0" fileid="29" />
              </SequencePoints>
              <BranchPoints />
            </Method>
          </Methods>
        </Class>
        <Class>
          <Summary numSequencePoints="8" visitedSequencePoints="8" numBranchPoints="0" visitedBranchPoints="0" sequenceCoverage="100.0" branchCoverage="0.0" maxCyclomaticComplexity="5" minCyclomaticComplexity="5" maxCrapScore="5" minCrapScore="5" visitedClasses="1" numClasses="1" visitedMethods="1" numMethods="1" />
          <FullName>PlayerViewTests/&lt;SetFacingDirection_FlipsSprite&gt;d__6</FullName>
          <Methods>
            <Method visited="true" cyclomaticComplexity="5" nPathComplexity="0" sequenceCoverage="100.0" branchCoverage="0" crapScore="5" isConstructor="false" isStatic="false" isGetter="false" isSetter="false">
              <Summary numSequencePoints="8" visitedSequencePoints="8" numBranchPoints="0" visitedBranchPoints="0" sequenceCoverage="100.0" branchCoverage="0" maxCyclomaticComplexity="5" minCyclomaticComplexity="5" maxCrapScore="5" minCrapScore="5" visitedClasses="0" numClasses="0" visitedMethods="1" numMethods="1" />
              <MetadataToken>100663320</MetadataToken>
              <Name>System.Boolean PlayerViewTests/&lt;SetFacingDirection_FlipsSprite&gt;d__6::MoveNext()</Name>
              <FileRef uid="29" />
              <SequencePoints>
                <SequencePoint vc="1" uspid="1401" ordinal="0" offset="42" sl="45" sc="5" el="45" ec="5" bec="0" bev="0" fileid="29" />
                <SequencePoint vc="1" uspid="1402" ordinal="0" offset="43" sl="46" sc="9" el="46" ec="9" bec="0" bev="0" fileid="29" />
                <SequencePoint vc="1" uspid="1403" ordinal="0" offset="61" sl="47" sc="9" el="47" ec="9" bec="0" bev="0" fileid="29" />
                <SequencePoint vc="1" uspid="1404" ordinal="0" offset="84" sl="49" sc="9" el="49" ec="9" bec="0" bev="0" fileid="29" />
                <SequencePoint vc="1" uspid="1405" ordinal="0" offset="106" sl="51" sc="9" el="51" ec="9" bec="0" bev="0" fileid="29" />
                <SequencePoint vc="1" uspid="1406" ordinal="0" offset="124" sl="52" sc="9" el="52" ec="9" bec="0" bev="0" fileid="29" />
                <SequencePoint vc="1" uspid="1407" ordinal="0" offset="147" sl="54" sc="9" el="54" ec="9" bec="0" bev="0" fileid="29" />
                <SequencePoint vc="1" uspid="1408" ordinal="0" offset="169" sl="55" sc="5" el="55" ec="5" bec="0" bev="0" fileid="29" />
              </SequencePoints>
              <BranchPoints />
            </Method>
          </Methods>
        </Class>
        <Class>
          <Summary numSequencePoints="12" visitedSequencePoints="12" numBranchPoints="0" visitedBranchPoints="0" sequenceCoverage="100.0" branchCoverage="0.0" maxCyclomaticComplexity="6" minCyclomaticComplexity="6" maxCrapScore="6" minCrapScore="6" visitedClasses="1" numClasses="1" visitedMethods="1" numMethods="1" />
          <FullName>PlayerViewTests/&lt;SetUp&gt;d__4</FullName>
          <Methods>
            <Method visited="true" cyclomaticComplexity="6" nPathComplexity="0" sequenceCoverage="100.0" branchCoverage="0" crapScore="6" isConstructor="false" isStatic="false" isGetter="false" isSetter="false">
              <Summary numSequencePoints="12" visitedSequencePoints="12" numBranchPoints="0" visitedBranchPoints="0" sequenceCoverage="100.0" branchCoverage="0" maxCyclomaticComplexity="6" minCyclomaticComplexity="6" maxCrapScore="6" minCrapScore="6" visitedClasses="0" numClasses="0" visitedMethods="1" numMethods="1" />
              <MetadataToken>100663326</MetadataToken>
              <Name>System.Boolean PlayerViewTests/&lt;SetUp&gt;d__4::MoveNext()</Name>
              <FileRef uid="29" />
              <SequencePoints>
                <SequencePoint vc="4" uspid="1409" ordinal="0" offset="34" sl="16" sc="5" el="16" ec="5" bec="0" bev="0" fileid="29" />
                <SequencePoint vc="4" uspid="1410" ordinal="0" offset="35" sl="17" sc="9" el="17" ec="9" bec="0" bev="0" fileid="29" />
                <SequencePoint vc="4" uspid="1411" ordinal="0" offset="56" sl="18" sc="9" el="18" ec="9" bec="0" bev="0" fileid="29" />
                <SequencePoint vc="4" uspid="1412" ordinal="0" offset="83" sl="19" sc="9" el="19" ec="9" bec="0" bev="0" fileid="29" />
                <SequencePoint vc="4" uspid="1413" ordinal="0" offset="110" sl="20" sc="9" el="20" ec="9" bec="0" bev="0" fileid="29" />
                <SequencePoint vc="4" uspid="1414" ordinal="0" offset="137" sl="22" sc="9" el="22" ec="9" bec="0" bev="0" fileid="29" />
                <SequencePoint vc="4" uspid="1415" ordinal="0" offset="164" sl="24" sc="9" el="24" ec="9" bec="0" bev="0" fileid="29" />
                <SequencePoint vc="4" uspid="1416" ordinal="0" offset="172" sl="25" sc="9" el="25" ec="9" bec="0" bev="0" fileid="29" />
                <SequencePoint vc="4" uspid="1417" ordinal="0" offset="232" sl="26" sc="9" el="26" ec="9" bec="0" bev="0" fileid="29" />
                <SequencePoint vc="4" uspid="1418" ordinal="0" offset="292" sl="27" sc="9" el="27" ec="9" bec="0" bev="0" fileid="29" />
                <SequencePoint vc="4" uspid="1419" ordinal="0" offset="366" sl="29" sc="9" el="29" ec="9" bec="0" bev="0" fileid="29" />
                <SequencePoint vc="4" uspid="1420" ordinal="0" offset="389" sl="30" sc="5" el="30" ec="5" bec="0" bev="0" fileid="29" />
              </SequencePoints>
              <BranchPoints />
            </Method>
          </Methods>
        </Class>
        <Class>
          <Summary numSequencePoints="4" visitedSequencePoints="4" numBranchPoints="0" visitedBranchPoints="0" sequenceCoverage="100.0" branchCoverage="0.0" maxCyclomaticComplexity="3" minCyclomaticComplexity="3" maxCrapScore="3" minCrapScore="3" visitedClasses="1" numClasses="1" visitedMethods="1" numMethods="1" />
          <FullName>PlayerViewTests/&lt;TearDown&gt;d__9</FullName>
          <Methods>
            <Method visited="true" cyclomaticComplexity="3" nPathComplexity="0" sequenceCoverage="100.0" branchCoverage="0" crapScore="3" isConstructor="false" isStatic="false" isGetter="false" isSetter="false">
              <Summary numSequencePoints="4" visitedSequencePoints="4" numBranchPoints="0" visitedBranchPoints="0" sequenceCoverage="100.0" branchCoverage="0" maxCyclomaticComplexity="3" minCyclomaticComplexity="3" maxCrapScore="3" minCrapScore="3" visitedClasses="0" numClasses="0" visitedMethods="1" numMethods="1" />
              <MetadataToken>100663332</MetadataToken>
              <Name>System.Boolean PlayerViewTests/&lt;TearDown&gt;d__9::MoveNext()</Name>
              <FileRef uid="29" />
              <SequencePoints>
                <SequencePoint vc="4" uspid="1421" ordinal="0" offset="31" sl="87" sc="5" el="87" ec="5" bec="0" bev="0" fileid="29" />
                <SequencePoint vc="4" uspid="1422" ordinal="0" offset="32" sl="88" sc="9" el="88" ec="9" bec="0" bev="0" fileid="29" />
                <SequencePoint vc="4" uspid="1423" ordinal="0" offset="49" sl="89" sc="9" el="89" ec="9" bec="0" bev="0" fileid="29" />
                <SequencePoint vc="4" uspid="1424" ordinal="0" offset="72" sl="90" sc="5" el="90" ec="5" bec="0" bev="0" fileid="29" />
              </SequencePoints>
              <BranchPoints />
            </Method>
          </Methods>
        </Class>
        <Class>
          <Summary numSequencePoints="6" visitedSequencePoints="6" numBranchPoints="0" visitedBranchPoints="0" sequenceCoverage="100.0" branchCoverage="0.0" maxCyclomaticComplexity="3" minCyclomaticComplexity="3" maxCrapScore="3" minCrapScore="3" visitedClasses="1" numClasses="1" visitedMethods="1" numMethods="1" />
          <FullName>PlayerViewTests/&lt;UpdatePosition_MovesSmoothlyToTarget&gt;d__5</FullName>
          <Methods>
            <Method visited="true" cyclomaticComplexity="3" nPathComplexity="0" sequenceCoverage="100.0" branchCoverage="0" crapScore="3" isConstructor="false" isStatic="false" isGetter="false" isSetter="false">
              <Summary numSequencePoints="6" visitedSequencePoints="6" numBranchPoints="0" visitedBranchPoints="0" sequenceCoverage="100.0" branchCoverage="0" maxCyclomaticComplexity="3" minCyclomaticComplexity="3" maxCrapScore="3" minCrapScore="3" visitedClasses="0" numClasses="0" visitedMethods="1" numMethods="1" />
              <MetadataToken>100663338</MetadataToken>
              <Name>System.Boolean PlayerViewTests/&lt;UpdatePosition_MovesSmoothlyToTarget&gt;d__5::MoveNext()</Name>
              <FileRef uid="29" />
              <SequencePoints>
                <SequencePoint vc="1" uspid="1425" ordinal="0" offset="31" sl="34" sc="5" el="34" ec="5" bec="0" bev="0" fileid="29" />
                <SequencePoint vc="1" uspid="1426" ordinal="0" offset="32" sl="35" sc="9" el="35" ec="9" bec="0" bev="0" fileid="29" />
                <SequencePoint vc="1" uspid="1427" ordinal="0" offset="58" sl="36" sc="9" el="36" ec="9" bec="0" bev="0" fileid="29" />
                <SequencePoint vc="1" uspid="1428" ordinal="0" offset="97" sl="38" sc="9" el="38" ec="9" bec="0" bev="0" fileid="29" />
                <SequencePoint vc="1" uspid="1429" ordinal="0" offset="129" sl="40" sc="9" el="40" ec="9" bec="0" bev="0" fileid="29" />
                <SequencePoint vc="1" uspid="1430" ordinal="0" offset="182" sl="41" sc="5" el="41" ec="5" bec="0" bev="0" fileid="29" />
              </SequencePoints>
              <BranchPoints />
            </Method>
          </Methods>
        </Class>
      </Classes>
    </Module>
  </Modules>
</CoverageSession>